         w __deregister_frame_info
         w __register_frame_info
         w userAppExit
         w userAppInit
00000000 00000802 B __ctru_dev_utf16_buf
00000000 a shift
00000000 a shift
00000000 A __sync_synchronize
00000000 b _TLS_MODULE_BASE_
00000804 00000401 B __ctru_dev_path_buf
00100000 A __start__
00100000 T _start
00100008 T __service_ptr
0010000c T __apt_appid
00100010 T __heap_size
00100014 T __linear_heap_size
00100018 T __system_arglist
0010001c T __system_runflags
00100020 t startup
00100058 t ClearMem
0010006c t ClrLoop
00100094 T _init
001000ac T __aeabi_idiv
001000ac 00000220 T __divsi3
001000b4 t .divsi3_skip_div0_test
001002cc 00000020 T __aeabi_idivmod
001002ec 00000004 W __aeabi_idiv0
001002ec 00000004 W __aeabi_ldiv0
001002f0 T __aeabi_uldivmod
00100348 00000390 T strcmp
001006d0 T __aeabi_uidiv
001006d0 000001ec T __udivsi3
001006d0 t .udivsi3_skip_div0_test
001008bc 00000020 T __aeabi_uidivmod
001008dc t __do_global_dtors_aux
0010092c t frame_dummy
00100958 00000080 t draw_lang_menu
001009d8 0000018c t draw_config_menu
00100b64 00000164 t draw_main_screen
00100cc8 000000b8 t history_add
00100d80 0000019c t draw_bottom_info
00100f1c 00000074 t config_save
00100f90 0000008c t print_wrapped.constprop.0
0010101c 00000110 t kb_ask.isra.0
0010112c 00001508 T main
00102634 00000018 T consoleSelect
0010264c 000001c8 T consoleDrawChar
00102814 00000170 T consolePrintChar
00102984 00000cc8 T con_write
0010364c 000000fc t newRow
00103748 00000180 T consoleInit
001038c8 000000b8 T consoleClear
00103980 000000cc t gfxPresentFramebuffer
00103a4c 0000001c T gfxIsWide
00103a68 000000f8 T gfxSetScreenFormat
00103b60 00000010 T gfxSetDoubleBuffering
00103b70 000000d8 T gfxInit
00103c48 00000010 T gfxInitDefault
00103c58 000000b8 T gfxExit
00103d10 000000a0 T gfxGetFramebuffer
00103db0 00000100 T gfxFlushBuffers
00103eb0 00000050 T gfxSwapBuffers
00103f00 00000050 T gfxSwapBuffersGpu
00103f50 00000090 T acInit
00103fe0 0000003c T acExit
0010401c 00000180 t aptConvertScreenForCapture
0010419c 00000008 W aptDspSleep
001041a4 00000004 W aptDspWakeup
001041a8 00000004 W aptDspCancel
001041ac 00000138 T aptSendCommand
001042e8 00000044 t aptExitProcess
0010432c 00000394 T aptExit
001046c0 000000d8 T aptHandleSleep
00104798 0000001c T aptSetMessageCallback
001047b4 00000084 T APT_SleepIfShellClosed
00104838 00000078 T aptSetSleepAllowed
001048b0 00000084 T APT_UnlockTransition
00104938 00000470 t aptEventHandler
00104da8 000000bc T APT_ReceiveParameter
00104e64 000000b0 t aptReceiveParameter.constprop.0
00104f18 00000294 t aptScreenTransfer
001051ac 000002d0 t aptWaitForWakeUp.isra.0
0010547c 00000114 T aptLaunchLibraryApplet
00105590 000000f4 T aptJumpToHomeMenu
00105684 00000058 T aptMainLoop
001056dc 00000240 T aptInit
0010591c 0000005c T APT_SendParameter
00105978 00000090 T APT_CheckNew3DS
00105a08 00000c70 t gspHardwareInit
00106678 00000288 T gspInit
00106900 00000104 T gspExit
00106a04 00000010 T gspHasGpuRight
00106a14 000000a4 T gspPresentBuffer
00106ab8 00000050 T gspWaitForEvent
00106b08 00000004 W gxCmdQueueInterrupt
00106b0c 00000154 t gspEventThreadMain
00106c60 00000050 T GSPGPU_FlushDataCache
00106cb0 00000034 T GSPGPU_SetLcdForceBlack
00106ce4 00000084 T GSPGPU_AcquireRight
00106d68 00000064 T GSPGPU_ReleaseRight
00106dcc 0000007c T GSPGPU_ImportDisplayCaptureInfo
00106e48 0000002c T GSPGPU_SaveVramSysArea
00106e74 0000002c T GSPGPU_RestoreVramSysArea
00106ea0 00000024 W hidShouldUseIrrst
00106ec4 000001cc T hidInit
00107090 000000e8 T hidExit
00107178 000002a0 T hidScanInput
00107418 00000010 T hidKeysDown
00107428 00000200 T httpcInit
00107628 000000bc T httpcExit
001076e4 00000170 T httpcOpenContext
00107854 00000040 T httpcCloseContext
00107894 0000008c T httpcAddRequestHeaderField
00107920 00000044 T httpcAddPostDataRaw
00107964 00000030 T httpcBeginRequest
00107994 00000044 T httpcReceiveData
001079d8 0000003c T httpcGetResponseStatusCode
00107a14 00000034 T httpcSetSSLOpt
00107a48 00000034 T httpcSetKeepAlive
00107a7c 000001a4 T irrstInit
00107c20 000000dc T irrstExit
00107cfc 000000b4 T irrstScanInput
00107db0 00000024 T irrstKeysHeld
00107dd4 00000034 t soc_read
00107e08 00000034 t soc_write
00107e3c 000000b0 t soc_close
00107eec 00000190 T socInit
0010807c 00000088 T socExit
00108104 00000148 T socuipc_cmd7
0010824c 00000168 T socuipc_cmd8
001083b4 00000010 T soc_recvfrom
001083c4 0000015c T socuipc_cmd9
00108520 00000160 T socuipc_cmda
00108680 00000010 T soc_sendto
00108690 00000190 t swkbdMessageCallback
00108820 00000084 T swkbdInit
001088a4 00000064 T swkbdSetHintText
00108908 00000088 T swkbdSetButton
00108990 00000008 T swkbdSetInitialText
00108998 000003a8 T swkbdInputText
00108d40 000000e8 T utf16_to_utf8
00108e28 000000c0 T utf8_to_utf16
00108ee8 00000038 W __libctru_init
00108f20 0000016c W __system_initArgv
0010908c 00000030 T __syscall_getreent
001090bc 00000004 T __syscall_lock_acquire
001090c0 00000004 T __syscall_lock_release
001090c4 00000004 T __syscall_lock_acquire_recursive
001090c8 00000004 T __syscall_lock_release_recursive
001090cc 00000004 T __syscall_exit
001090d0 00000054 T initThreadVars
00109124 00000080 T __system_initSyscalls
001091a4 T svcControlMemory
001091c4 T svcQueryMemory
001091f4 T svcExitProcess
001091fc T svcCreateThread
0010921c T svcExitThread
00109224 T svcSleepThread
0010922c T svcReleaseMutex
00109234 T svcCreateEvent
00109248 T svcSignalEvent
00109250 T svcClearEvent
00109258 T svcCreateMemoryBlock
00109270 T svcMapMemoryBlock
00109278 T svcUnmapMemoryBlock
00109280 T svcCreateAddressArbiter
00109294 T svcArbitrateAddressNoTimeout
0010929c T svcCloseHandle
001092a4 T svcWaitSynchronization
001092ac T svcWaitSynchronizationN
001092d4 T svcDuplicateHandle
001092e8 T svcConnectToPort
001092fc T svcSendSyncRequest
00109304 T svcGetResourceLimit
00109318 T svcGetResourceLimitLimitValues
00109320 T svcGetResourceLimitCurrentValues
00109328 T svcBreak
00109330 W initSystem
00109380 W __ctru_exit
00109394 00000024 t addrMapNodeComparator(rbtree_node const*, rbtree_node const*)
001093b8 00000004 t addrMapNodeDestructor(rbtree_node*)
001093bc 0000012c T linearMemAlign
001094e8 00000008 T linearAlloc
001094f0 0000005c T linearFree
0010954c 00000088 T MemPool::CoalesceRight(MemBlock*)
001095d4 00000178 T MemPool::Allocate(MemChunk&, unsigned long, int)
0010974c 00000118 T MemPool::Deallocate(MemChunk const&)
00109864 00000030 T MemPool::GetFreeSpace()
00109894 00000024 t addrMapNodeComparator(rbtree_node const*, rbtree_node const*)
001098b8 00000004 t addrMapNodeDestructor(rbtree_node*)
001098bc 00000248 T vramMemAlignAt
00109b04 0000000c T vramAlloc
00109b10 00000094 T vramFree
00109ba4 0000008c W envGetHandle
00109c30 00000050 W envDestroyHandles
00109c80 00000034 T __ctru_speedup_config
00109cb4 00000164 T srvInit
00109e18 00000064 T srvExit
00109e7c 00000060 T srvEnableNotification
00109edc 000000a0 T srvGetServiceHandleDirect
00109f7c 00000048 T srvGetServiceHandle
00109fc4 00000034 T srvSubscribe
00109ff8 00000060 T srvReceiveNotification
0010a058 00000038 T srvPublishToSubscriber
0010a090 0000000c T __sync_init
0010a09c 00000018 T __sync_fini
0010a0b4 00000028 T syncArbitrateAddress
0010a0dc 000000ac T LightLock_Lock
0010a188 00000040 T LightLock_Unlock
0010a1c8 00000054 T RecursiveLock_Lock
0010a21c 00000054 T RecursiveLock_Unlock
0010a270 00000044 T LightEvent_Init
0010a2b4 000000b8 T LightEvent_Clear
0010a36c 000000dc T LightEvent_Signal
0010a448 00000050 T LightEvent_TryWait
0010a498 000000ac T LightEvent_Wait
0010a544 000001fc T threadCreate
0010a740 00000038 T threadFree
0010a778 00000024 T threadJoin
0010a79c 00000030 T threadGetCurrent
0010a7cc 00000040 T threadExit
0010a80c 00000020 t _thread_begin
0010a82c 00000090 t mappableFindAddressWithin
0010a8bc 00000028 T mappableInit
0010a8e4 0000007c T mappableAlloc
0010a960 00000004 T mappableFree
0010a964 00000078 T ptmSysmInit
0010a9dc 0000003c T ptmSysmExit
0010aa18 00000034 T PTMSYSM_ConfigureNew3DSCPU
0010aa4c 0000000c T srvPmGetSessionHandle
0010aa58 0000003c T _net_convert_error
0010aa94 00000074 T rbtree_find
0010ab08 00000010 T rbtree_init
0010ab18 00000198 t do_insert
0010acb0 00000008 T rbtree_insert
0010acb8 00000310 T rbtree_remove
0010afc8 00000090 T rbtree_rotate
0010b058 00000054 T decode_utf16
0010b0ac 00000140 T decode_utf8
0010b1ec 00000054 T encode_utf16
0010b240 000000e0 T encode_utf8
0010b320 000001e8 W __system_allocateHeaps
0010b508 00000030 W __appExit
0010b538 00000030 W __appInit
0010b568 00000090 W __libctru_exit
0010b5f8 00000024 t error_cmp
0010b61c 00000050 t archive_translate_error
0010b66c 000000c0 t archive_seek
0010b72c 00000078 t _archiveInit.part.0
0010b7a4 00000110 t archiveFindDevice.part.0
0010b8b4 00000298 t archive_utf16path
0010bb4c 00000098 t _archiveUnmountDeviceStruct.part.0
0010bbe4 00000178 t _archiveMountDevice
0010bd5c 000000f8 t archive_diropen
0010be54 000000ac t archive_fstat
0010bf00 00000074 t archive_fsync
0010bf74 00000074 t archive_close
0010bfe8 00000078 t archive_dirclose
0010c060 000000ec t sdmc_statvfs
0010c14c 000000f8 t archive_chdir
0010c244 0000008c t archive_ftruncate
0010c2d0 000000bc t archive_read
0010c38c 000000a8 t archive_unlink
0010c434 000000c0 t archive_rmdir
0010c4f4 000000d8 t archive_mkdir
0010c5cc 000001a0 t archive_stat
0010c76c 00000164 t archive_dirnext
0010c8d0 0000013c t archive_write
0010ca10 00000254 t archive_open
0010cc64 00000270 t archive_rename
0010ced4 000001c8 T archiveMountSdmc
0010d09c 00000054 T archiveUnmountAll
0010d0f0 00000104 T fsInit
0010d1f4 0000003c T fsExit
0010d230 00000068 T fsExemptFromSession
0010d298 00000050 T fsUnexemptFromSession
0010d2e8 000000cc T FSUSER_OpenFile
0010d3b4 000000b8 T FSUSER_DeleteFile
0010d46c 000000f4 T FSUSER_RenameFile
0010d560 000000b8 T FSUSER_DeleteDirectory
0010d618 000000d0 T FSUSER_CreateFile
0010d6e8 000000c0 T FSUSER_CreateDirectory
0010d7a8 000000f4 T FSUSER_RenameDirectory
0010d89c 000000b4 T FSUSER_OpenDirectory
0010d950 00000090 T FSUSER_OpenArchive
0010d9e0 0000008c T FSUSER_CloseArchive
0010da6c 00000074 T FSUSER_GetSdmcArchiveResource
0010dae0 00000064 T FSUSER_IsSdmcWritable
0010db44 00000064 T FSFILE_Read
0010dba8 0000006c T FSFILE_Write
0010dc14 00000044 T FSFILE_GetSize
0010dc58 00000028 T FSFILE_SetSize
0010dc80 0000003c T FSFILE_Close
0010dcbc 00000024 T FSFILE_Flush
0010dce0 00000060 T FSDIR_Read
0010dd40 0000003c T FSDIR_Close
0010dd7c 00000060 T rbtree_node_next
0010dddc T __aeabi_read_tp
0010dde8 00000130 T __udivmoddi4
0010df18 000000e4 T strncat
0010dffc 00000130 t critical_factorization
0010e12c 0000033c t two_way_long_needle
0010e468 00000238 T strstr
0010e6a0 00000128 T memcpy
0010e7c8 0000008c T strlen
0010e854 00000078 T bsearch
0010e8cc 00000134 T _fopen_r
0010ea00 00000028 T fopen
0010ea28 00000028 T memalign
0010ea50 000000a0 T snprintf
0010eaf0 00000034 T printf
0010eb24 000001ec t _strtoul_l.isra.0
0010ed10 0000003c T strtoul
0010ed4c 00000140 T strchr
0010ee8c 000000d8 T memcmp
0010ef64 00000198 T _fgets_r
0010f0fc 00000030 T fgets
0010f12c 0000016c T _memalign_r
0010f298 0000000c T __errno
0010f2a4 000000e4 T memset
0010f388 0000022c T __sflush_r
0010f5b4 000000c4 T _fflush_r
0010f678 0000082c T _malloc_r
0010fea4 00000114 T _malloc_trim_r
0010ffb8 00000314 T _free_r
001102cc 00000294 T setvbuf
00110560 0000001c t stdio_exit_handler
0011057c 0000005c t cleanup_stdio
001105d8 00000154 t global_stdio_init.part.0
0011072c 00000138 T __sfp
00110864 0000005c T __sinit
001108c0 0000000c T __sfp_lock_acquire
001108cc 0000000c T __sfp_lock_release
001108d8 0000000c T atoi
001108e4 00000384 t _strtol_l.part.0
00110c68 00000074 T strtol
00110cdc 00000084 T __libc_init_array
00110d60 000000d4 T strncpy
00110e34 0000001c T _fseek_r
00110e50 00000040 T malloc
00110e90 00000020 T free
00110eb0 000000e8 T memchr
00110f98 000000e0 T _puts_r
00111078 00000020 T puts
00111098 00000044 T __sread
001110dc 00000068 T __swrite
00111144 00000040 T __sseek
00111184 00000008 T __sclose
0011118c 000001a8 T memmove
00111334 0000000c T __malloc_lock
00111340 0000000c T __malloc_unlock
0011134c 00000588 T _fseeko_r
001118d4 00000148 T _fclose_r
00111a1c 00000020 T fclose
00111a3c 00000024 T putchar
00111a60 0000003c T fprintf
00111a9c 00000004 W __call_exitprocs
00111aa0 00000030 T exit
00111ad0 000005e0 t get_arg
001120b0 0000345c T _svfprintf_r
0011550c 000000b8 T __sflags
001155c4 0000003c T __libc_fini_array
00115600 0000003c T strnlen
0011563c 000000d8 T strncmp
00115714 00000038 t lflush
0011574c 000001a8 T __srefill_r
001158f8 00000088 T frexp
00115980 00000070 T _fwalk_sglue
001159f0 000005e0 t get_arg
00115fd0 00003554 T _vfprintf_r
00119524 000000b4 t __sbprintf
001195d8 000000a0 T _wcrtomb_r
00119678 000000a4 T __ssprint_r
0011971c 000004a4 T __sfvwrite_r
00119bc0 00000164 T __smakebuf_r
00119d24 00000090 T __swhatbuf_r
00119db4 00000024 T __locale_mb_cur_max
00119dd8 00000030 T __sprint_r
00119e08 000000fc T _putc_r
00119f04 000001c0 t quorem
0011a0c8 00001420 T _dtoa_r
0011b4e8 00000124 T __swbuf_r
0011b60c 00000028 T _wcsrtombs_r
0011b634 00000140 T __swsetup_r
0011b774 00000024 T _localeconv_r
0011b798 000004f0 T _realloc_r
0011bc88 0000012c T __ssputs_r
0011bdb4 000000f8 T __utf8_wctomb
0011beac 0000015c T _wcsnrtombs_l
0011c008 00000064 T _wcsnrtombs_r
0011c06c 0000005c T __assert_func
0011c0c8 00000088 T _Balloc
0011c150 0000001c T _Bfree
0011c16c 000000f4 T __multadd
0011c260 00000080 T __hi0bits
0011c2e0 000000f0 T __lo0bits
0011c3d0 000000a4 T __i2b
0011c474 00000230 T __multiply
0011c6a4 00000130 T __pow5mult
0011c7d4 00000138 T __lshift
0011c90c 00000058 T __mcmp
0011c964 00000218 T __mdiff
0011cb7c 00000120 T __d2b
0011cc9c 00000340 T __utf8_mbtowc
0011cfdc 0000003c T fiprintf
0011d018 00000014 T abort
0011d02c 000000d8 T _calloc_r
0011d104 000005e0 t get_arg
0011d6e4 000022f8 T _vfiprintf_r
0011f9dc 000000b4 t __sbprintf
0011fa90 0000009c T _raise_r
0011fb2c 00000020 T raise
0011fb4c 00000020 T _exit
0011fb6c 00000140 T chdir
0011fcac 000001c8 T _concatenate_path
0011fe74 0000009c T _fstat_r
0011ff10 00000014 T _getpid_r
0011ff24 0000002c T __getreent
0011ff50 000000a0 T __release_handle
0011fff0 000000b0 T __alloc_handle
001200a0 00000058 T __get_handle
001200f8 00000110 T _close_r
00120208 00000008 t null_write
00120210 00000018 T setDefaultDevice
00120228 00000098 T FindDevice
001202c0 00000024 T RemoveDevice
001202e4 00000088 T AddDevice
0012036c 00000020 T GetDeviceOpTab
0012038c 00000008 T _isatty_r
00120394 00000014 T _kill_r
001203a8 00000094 T _lseek_r
0012043c 00000068 T mkdir
001204a4 000000c0 T _open_r
00120564 00000094 T _read_r
001205f8 00000078 W _sbrk_r
00120670 0000001c T __libc_lock_acquire
0012068c 0000001c T __libc_lock_release
001206a8 0000001c T __libc_lock_acquire_recursive
001206c4 0000001c T __libc_lock_release_recursive
001206e0 00000094 T _write_r
00120774 00000048 T strrchr
001207bc T _fini
00121038 00000508 r langs
00121aa8 r .LC2
001237b0 00000080 r dotab_stdout
00123830 00000018 r grayScale
00123848 00000006 r colorCube
00123850 00000030 r colorTable
0012389c 00000008 r morton_y.2
001238a4 00000008 r morton_x.3
001238ac 00000008 r s_sleepWakeEvents.4
001238b4 0000000c r serviceNameTable.5
001238c0 R default_font_bin
001240c0 R default_font_bin_end
001240c0 0000004d r _net_error_code_map
00124110 00000030 r error_table
00124140 00000080 r archive_devoptab
001242e8 00000010 r zeroes.0
001242f8 00000010 r blanks.1
00124308 00000101 R _ctype_
001244f4 00000010 r zeroes.0
00124504 00000010 r blanks.1
00124514 0000006c R __action_table
00124580 0000006c R __state_table
001245ec 00000100 R __chclass
001246f4 0000000c r p05.0
00124700 00000028 R __mprec_bigtens
00124728 000000c8 R __mprec_tens
001248dc 00000010 r zeroes.0
001248ec 00000010 r blanks.1
001248fc 00000080 R dotab_stdnull
0012497c R __tdata_align
00124980 r __EH_FRAME_BEGIN__
00124980 R __exidx_end
00124980 R __exidx_start
00125000 00000001 d firstConsoleInit.0
00125004 00000004 D currentConsole
00125008 00000048 D defaultConsole
00125050 00000004 d aptChainloadDeliverArgSize
00125054 00000004 d kCount
00125058 00000004 d kInterval
0012505c 00000004 d kDelay
00125060 00000080 d soc_devoptab
001250e0 W __stacksize__
001250e4 00000004 D _impure_ptr
001250e8 00000200 D _impure_data
001252e8 00000004 D __malloc_sbrk_base
001252ec 00000004 D __malloc_trim_threshold
001252f0 00000408 D __malloc_av_
001256f8 0000000c D __sglue
00125704 00000254 D __global_locale
00125958 00000400 d _current_working_directory
00125d58 00001000 d handles
00126d58 0000000c d __stderr_handle
00126d64 0000000c d __stdout_handle
00126d70 0000000c d __stdin_handle
00126d7c 0000008c D devoptab_list
00126e08 00000004 d defaultDevice
00126e14 d _GLOBAL_OFFSET_TABLE_
00126e20 d __frame_dummy_init_array_entry
00126e20 D __init_array_start
00126e20 B __preinit_array_end
00126e20 B __preinit_array_start
00126e20 D __tdata_lma
00126e20 D __tdata_lma_end
00126e24 d __do_global_dtors_aux_fini_array_entry
00126e24 D __fini_array_start
00126e24 D __init_array_end
00126e28 D __bss_start__
00126e28 00000001 b cur_lang
00126e28 D __fini_array_end
00126e2c 00000088 b cfg
00126eb4 00000004 b httpc_shmem
00126eb8 00000004 b soc_buffer
00126ebc 00000100 b prompt_buf
00126fbc 00000068 b url.0
00127024 00000404 b s_esc
00127428 00000400 b s_buf
00127828 00001000 b s_raw
00128828 00002b80 b s_body
0012b3a8 000014a4 b history
0012c84c 00001000 b response_buf
0012d84c b completed.1
0012d850 b object.0
0012d868 00000064 b escapeSeq
0012d8cc 00000048 B currentCopy
0012d914 00000004 b screenAlloc
0012d918 00000004 b screenFree
0012d91c 00000002 b gfxIsDoubleBuf
0012d920 00000002 b gfxCurBuf
0012d922 00000001 b gfxIsVram
0012d923 00000001 b gfxTopMode
0012d924 00000002 b gfxFramebufferFormats
0012d928 00000004 b gfxBottomFramebufferMaxSize
0012d92c 00000004 b gfxTopFramebufferMaxSize
0012d930 00000008 b gfxBottomFramebuffers
0012d938 00000008 b gfxTopFramebuffers
0012d940 00000004 b acRefCount
0012d944 00000004 b acHandle
0012d948 00000001 b flagValue.0
0012d949 00000001 b flagInit.1
0012d94c 00000004 b serviceName.6
0012d950 00000001 b aptChainloadFlags
0012d951 00000001 b aptChainloadMediatype
0012d954 00000020 b aptChainloadHmac
0012d974 00000300 b aptChainloadDeliverArg
0012dc78 00000008 b aptChainloadTid
0012dc80 00001000 b aptParameters
0012ec80 00000004 b aptFlags
0012ec84 00000001 b aptHomeButtonState
0012ec88 00000004 b aptMessageFuncData
0012ec8c 00000004 b aptMessageFunc
0012ec90 0000000c b aptFirstHook
0012ec9c 00000001 b aptEventHandlerThreadQuit
0012eca0 00000004 b aptEventHandlerThread
0012eca4 00000008 b aptSleepEvent
0012ecac 00000008 b aptReceiveEvent
0012ecb4 00000008 b aptEvents
0012ecbc 00000004 b aptLockHandle
0012ecc0 00000004 b aptRefCount
0012ecc4 00000007 b gspEventCbOneShot
0012eccc 0000001c b gspEventCbData
0012ece8 0000001c b gspEventCb
0012ed04 00000038 b gspEvents
0012ed3c 00000004 b gspLastEvent
0012ed40 00000001 b gspRunEvents
0012ed44 00000004 b gspEventThread
0012ed48 00000004 b gspEvent
0012ed4c 00000001 b gspGpuRight
0012ed4d 00000001 b gspThreadId
0012ed50 00000004 b gspSharedMem
0012ed54 00000004 b gspSharedMemHandle
0012ed58 00000004 b gspRefCount
0012ed5c 00000004 b gspGpuHandle
0012ed60 00000001 b usingIrrst
0012ed64 00000004 b hidRefCount
0012ed68 00000006 b gRate
0012ed70 00000006 b aVec
0012ed78 00000004 b cPos
0012ed7c 00000004 b tPos
0012ed80 00000004 b kRepeat
0012ed84 00000004 b kUp
0012ed88 00000004 b kDown
0012ed8c 00000004 b kHeld
0012ed90 00000004 b kOld
0012ed94 00000004 B hidSharedMem
0012ed98 00000014 B hidEvents
0012edac 00000004 B hidMemHandle
0012edb0 00000004 B hidHandle
0012edb4 00000004 b __httpc_sharedmem_handle
0012edb8 00000004 b __httpc_sharedmem_size
0012edbc 00000004 B __httpc_sharedmem_addr
0012edc0 00000004 b __httpc_refcount
0012edc4 00000004 B __httpc_servhandle
0012edc8 00000004 b irrstRefCount
0012edcc 00000004 b csPos
0012edd0 00000004 b kHeld
0012edd4 00000004 B irrstSharedMem
0012edd8 00000004 B irrstEvent
0012eddc 00000004 B irrstMemHandle
0012ede0 00000004 B irrstHandle
0012ede4 00000004 b swkbdSharedMemHandle
0012ede8 00000004 b swkbdSharedMem
0012edec 00000004 B __system_retAddr
0012edf0 00000004 B __system_argv
0012edf4 00000004 B __system_argc
0012edf8 b saved_stack
0012ee00 00000008 b sLinearPool
0012ee08 0000000c b sAddrMap
0012ee18 00000008 b sVramPoolB
0012ee20 00000008 b sVramPoolA
0012ee28 0000000c b sAddrMap
0012ee34 00000004 B __3dslink_host
0012ee38 00000001 V __ctru_speedup
0012ee3c 00000004 b srvRefCount
0012ee40 00000004 b srvHandle
0012ee44 00000004 b arbiter
0012ee48 00000004 b currentAddr
0012ee4c 00000004 b maxAddr
0012ee50 00000004 b minAddr
0012ee54 00000004 b ptmSysmRefCount
0012ee58 00000004 b ptmSysmHandle
0012ee5c 00000004 b srvPmHandle
0012ee60 00000004 B socMemhandle
0012ee64 00000004 B SOCU_handle
0012ee68 00000004 V __ctru_linear_heap_size
0012ee6c 00000004 V __ctru_heap_size
0012ee70 00000004 B __ctru_linear_heap
0012ee74 00000004 B __ctru_heap
0012ee78 000005c0 b archive_devices
0012f438 00000004 b archive_device_cwd
0012f43c 00000001 b archive_initialized
0012f440 00000080 b fsExemptArchives
0012f4c0 00000004 b fsuRefCount
0012f4c4 00000004 b fsuHandle
0012f4c8 00000028 B __malloc_current_mallinfo
0012f4f0 00000004 B __malloc_max_total_mem
0012f4f4 00000004 B __malloc_max_sbrked_mem
0012f4f8 00000004 B __malloc_top_pad
0012f4fc 0000000c b __sfp_recursive_mutex
0012f508 00000168 B __sf
0012f670 00000004 B __stdio_exit_handler
0012f674 0000000c b __malloc_recursive_mutex
0012f680 00000400 b temp_cwd
0012fa80 00000004 b __hndl_lock
0012fa84 00000004 B fake_heap_start
0012fa88 00000004 B fake_heap_end
0012fa8c 00000004 b heap_start.0
0012fa90 B __tls_start
00130698 B __bss_end__
00130698 A __end__
00130698 B __tls_end
